VectorMyJosephus Simulation: N = 957, M = 948
Final Destination: Corona,CA
Execution Time: 0.011045 seconds
----------------------------------------
ListMyJosephus Simulation: N = 957, M = 948
Final Destination: Corona,CA
Execution Time: 0.01172 seconds
----------------------------------------
VectorMyJosephus Simulation: N = 957, M = 948
Final Destination: Corona,CA
Execution Time: 0.010364 seconds
----------------------------------------
VectorMyJosephus Simulation: N = 957, M = 948
Final Destination: Corona,CA
Execution Time: 0.008359 seconds
----------------------------------------
ListMyJosephus Simulation: N = 957, M = 948
Final Destination: Corona,CA
Execution Time: 0.011307 seconds
----------------------------------------
VectorMyJosephus Simulation: N = 957, M = 948
Final Destination: Corona,CA
Execution Time: 0.008565 seconds
----------------------------------------
ListMyJosephus Simulation: N = 957, M = 948
Final Destination: Corona,CA
Execution Time: 0.009779 seconds
----------------------------------------
VectorMyJosephus Simulation: N = 957, M = 948
Final Destination: Corona,CA
Execution Time: 0.007731 seconds
----------------------------------------
ListMyJosephus Simulation: N = 957, M = 948
Final Destination: Corona,CA
Execution Time: 0.010399 seconds
----------------------------------------
ListMyJosephus Simulation: N = 957, M = 948
Final Destination: Corona,CA
Execution Time: 0.010842 seconds
----------------------------------------
VectorMyJosephus Simulation: N = 957, M = 948
Final Destination: Corona,CA
Execution Time: 0.008147 seconds
----------------------------------------
ListMyJosephus Simulation: N = 957, M = 948
Final Destination: Corona,CA
Execution Time: 0.01103 seconds
----------------------------------------
VectorMyJosephus Simulation: N = 957, M = 948
Final Destination: Corona,CA
Execution Time: 0.007557 seconds
----------------------------------------
ListMyJosephus Simulation: N = 957, M = 948
Final Destination: Corona,CA
Execution Time: 0.010442 seconds
----------------------------------------
